2017/04/25 23:07:25 [E] [config.go:33] open /Users/loushuai/workspace/go/src/jnfdc/conf/mz.conf: no such file or directory
2017/04/25 23:08:17 [E] [config.go:33] open /Users/loushuai/workspace/go/src/jnfdc/conf/fdc.conf: no such file or directory
2017/04/25 23:08:43 [I] [mysql.go:23] Register MySQL completely!
2017/04/25 23:10:35 [I] [mysql.go:23] Register MySQL completely!
2017/04/25 23:10:52 [D] [crawl.go:34] {0 118 0 0 0001-01-01 00:00:00 +0000 UTC}
2017/04/25 23:10:52 [E] [crawl.go:36] Error 1054: Unknown column 'sign_number' in 'field list'
2017/04/25 23:10:52 [D] [crawl.go:34] {0 65 0 0 0001-01-01 00:00:00 +0000 UTC}
2017/04/25 23:10:52 [E] [crawl.go:36] Error 1054: Unknown column 'sign_number' in 'field list'
2017/04/25 23:10:52 [D] [crawl.go:34] {0 10 2191 0 0001-01-01 00:00:00 +0000 UTC}
2017/04/25 23:10:52 [E] [crawl.go:36] Error 1054: Unknown column 'sign_number' in 'field list'
2017/04/25 23:10:52 [D] [crawl.go:34] {0 10 0 0 0001-01-01 00:00:00 +0000 UTC}
2017/04/25 23:10:52 [E] [crawl.go:36] Error 1054: Unknown column 'sign_number' in 'field list'
2017/04/25 23:10:52 [D] [crawl.go:34] {0 2 0 0 0001-01-01 00:00:00 +0000 UTC}
2017/04/25 23:10:52 [E] [crawl.go:36] Error 1054: Unknown column 'sign_number' in 'field list'
2017/04/25 23:10:52 [D] [crawl.go:34] {0 2 0 0 0001-01-01 00:00:00 +0000 UTC}
2017/04/25 23:10:52 [E] [crawl.go:36] Error 1054: Unknown column 'sign_number' in 'field list'
2017/04/25 23:10:52 [D] [crawl.go:34] {0 0 0 0 0001-01-01 00:00:00 +0000 UTC}
2017/04/25 23:10:52 [E] [crawl.go:36] Error 1054: Unknown column 'sign_number' in 'field list'
2017/04/25 23:10:52 [D] [crawl.go:34] {0 0 0 0 0001-01-01 00:00:00 +0000 UTC}
2017/04/25 23:16:30 [I] [mysql.go:23] Register MySQL completely!
2017/04/25 23:16:40 [E] [crawl.go:19] net/http: request canceled (Client.Timeout exceeded while reading body)
2017/04/25 23:16:51 [I] [mysql.go:23] Register MySQL completely!
2017/04/25 23:17:01 [E] [crawl.go:19] net/http: request canceled (Client.Timeout exceeded while reading body)
2017/04/25 23:17:20 [I] [mysql.go:23] Register MySQL completely!
2017/04/25 23:17:28 [D] [crawl.go:37] {0 118 0 0 0001-01-01 00:00:00 +0000 UTC}
2017/04/25 23:17:28 [E] [crawl.go:39] <nil>
2017/04/25 23:17:28 [D] [crawl.go:37] {0 65 0 0 0001-01-01 00:00:00 +0000 UTC}
2017/04/25 23:17:28 [E] [crawl.go:39] <nil>
2017/04/25 23:17:28 [D] [crawl.go:37] {0 10 2191 0 0001-01-01 00:00:00 +0000 UTC}
2017/04/25 23:17:28 [E] [crawl.go:39] <nil>
2017/04/25 23:17:28 [D] [crawl.go:37] {0 10 0 0 0001-01-01 00:00:00 +0000 UTC}
2017/04/25 23:17:28 [E] [crawl.go:39] <nil>
2017/04/25 23:17:28 [D] [crawl.go:37] {0 2 0 0 0001-01-01 00:00:00 +0000 UTC}
2017/04/25 23:17:28 [E] [crawl.go:39] <nil>
2017/04/25 23:17:28 [D] [crawl.go:37] {0 2 0 0 0001-01-01 00:00:00 +0000 UTC}
2017/04/25 23:17:28 [E] [crawl.go:39] <nil>
2017/04/25 23:17:28 [D] [crawl.go:37] {0 0 0 0 0001-01-01 00:00:00 +0000 UTC}
2017/04/25 23:17:28 [E] [crawl.go:39] <nil>
2017/04/25 23:17:28 [D] [crawl.go:37] {0 0 0 0 0001-01-01 00:00:00 +0000 UTC}
2017/04/25 23:17:59 [I] [mysql.go:23] Register MySQL completely!
2017/04/25 23:18:14 [D] [crawl.go:28] 0
2017/04/25 23:18:14 [D] [crawl.go:28] 1
2017/04/25 23:18:14 [D] [crawl.go:28] 2
2017/04/25 23:18:14 [D] [crawl.go:38] {0 118 0 0 0001-01-01 00:00:00 +0000 UTC}
2017/04/25 23:18:14 [E] [crawl.go:40] <nil>
2017/04/25 23:18:14 [D] [crawl.go:28] 0
2017/04/25 23:18:14 [D] [crawl.go:28] 1
2017/04/25 23:18:14 [D] [crawl.go:28] 2
2017/04/25 23:18:14 [D] [crawl.go:38] {0 65 0 0 0001-01-01 00:00:00 +0000 UTC}
2017/04/25 23:18:14 [E] [crawl.go:40] <nil>
2017/04/25 23:18:14 [D] [crawl.go:28] 0
2017/04/25 23:18:14 [D] [crawl.go:28] 1
2017/04/25 23:18:14 [D] [crawl.go:28] 2
2017/04/25 23:18:14 [D] [crawl.go:38] {0 10 2191 0 0001-01-01 00:00:00 +0000 UTC}
2017/04/25 23:18:14 [E] [crawl.go:40] <nil>
2017/04/25 23:18:14 [D] [crawl.go:28] 0
2017/04/25 23:18:14 [D] [crawl.go:28] 1
2017/04/25 23:18:14 [D] [crawl.go:28] 2
2017/04/25 23:18:14 [D] [crawl.go:38] {0 10 0 0 0001-01-01 00:00:00 +0000 UTC}
2017/04/25 23:18:14 [E] [crawl.go:40] <nil>
2017/04/25 23:18:14 [D] [crawl.go:28] 0
2017/04/25 23:18:14 [D] [crawl.go:28] 1
2017/04/25 23:18:14 [D] [crawl.go:28] 2
2017/04/25 23:18:14 [D] [crawl.go:38] {0 2 0 0 0001-01-01 00:00:00 +0000 UTC}
2017/04/25 23:18:14 [E] [crawl.go:40] <nil>
2017/04/25 23:18:14 [D] [crawl.go:28] 0
2017/04/25 23:18:14 [D] [crawl.go:28] 1
2017/04/25 23:18:14 [D] [crawl.go:28] 2
2017/04/25 23:18:14 [D] [crawl.go:38] {0 2 0 0 0001-01-01 00:00:00 +0000 UTC}
2017/04/25 23:18:14 [E] [crawl.go:40] <nil>
2017/04/25 23:18:14 [D] [crawl.go:28] 0
2017/04/25 23:18:14 [D] [crawl.go:28] 1
2017/04/25 23:18:14 [D] [crawl.go:28] 2
2017/04/25 23:18:14 [D] [crawl.go:38] {0 0 0 0 0001-01-01 00:00:00 +0000 UTC}
2017/04/25 23:18:14 [E] [crawl.go:40] <nil>
2017/04/25 23:18:14 [D] [crawl.go:28] 0
2017/04/25 23:18:14 [D] [crawl.go:28] 1
2017/04/25 23:18:14 [D] [crawl.go:28] 2
2017/04/25 23:18:14 [D] [crawl.go:38] {0 0 0 0 0001-01-01 00:00:00 +0000 UTC}
2017/04/25 23:18:14 [E] [crawl.go:40] <nil>
2017/04/25 23:18:47 [I] [mysql.go:23] Register MySQL completely!
2017/04/25 23:18:54 [D] [crawl.go:28] 0
2017/04/25 23:18:54 [D] [crawl.go:28] 1
2017/04/25 23:18:54 [D] [crawl.go:28] 2
2017/04/25 23:18:54 [D] [crawl.go:38] {0 住宅 118 14552.759765625 0001-01-01 00:00:00 +0000 UTC}
2017/04/25 23:18:54 [E] [crawl.go:40] <nil>
2017/04/25 23:18:54 [D] [crawl.go:28] 0
2017/04/25 23:18:54 [D] [crawl.go:28] 1
2017/04/25 23:18:54 [D] [crawl.go:28] 2
2017/04/25 23:18:54 [D] [crawl.go:38] {0 储藏室（地下室） 65 1064.47998046875 0001-01-01 00:00:00 +0000 UTC}
2017/04/25 23:18:54 [E] [crawl.go:40] <nil>
2017/04/25 23:18:54 [D] [crawl.go:28] 0
2017/04/25 23:18:54 [D] [crawl.go:28] 1
2017/04/25 23:18:54 [D] [crawl.go:28] 2
2017/04/25 23:18:54 [D] [crawl.go:38] {0 商业用房 10 2191 0001-01-01 00:00:00 +0000 UTC}
2017/04/25 23:18:54 [E] [crawl.go:40] <nil>
2017/04/25 23:18:54 [D] [crawl.go:28] 0
2017/04/25 23:18:54 [D] [crawl.go:28] 1
2017/04/25 23:18:54 [D] [crawl.go:28] 2
2017/04/25 23:18:54 [D] [crawl.go:38] {0 车库 10 318.6199951171875 0001-01-01 00:00:00 +0000 UTC}
2017/04/25 23:18:54 [E] [crawl.go:40] <nil>
2017/04/25 23:18:54 [D] [crawl.go:28] 0
2017/04/25 23:18:54 [D] [crawl.go:28] 1
2017/04/25 23:18:54 [D] [crawl.go:28] 2
2017/04/25 23:18:54 [D] [crawl.go:38] {0 办公 2 372.0199890136719 0001-01-01 00:00:00 +0000 UTC}
2017/04/25 23:18:54 [E] [crawl.go:40] <nil>
2017/04/25 23:18:54 [D] [crawl.go:28] 0
2017/04/25 23:18:54 [D] [crawl.go:28] 1
2017/04/25 23:18:54 [D] [crawl.go:28] 2
2017/04/25 23:18:54 [D] [crawl.go:38] {0 其他 2 123.58999633789062 0001-01-01 00:00:00 +0000 UTC}
2017/04/25 23:18:54 [E] [crawl.go:40] <nil>
2017/04/25 23:18:54 [D] [crawl.go:28] 0
2017/04/25 23:18:54 [D] [crawl.go:28] 1
2017/04/25 23:18:54 [D] [crawl.go:28] 2
2017/04/25 23:18:54 [D] [crawl.go:38] {0 公寓 0 0 0001-01-01 00:00:00 +0000 UTC}
2017/04/25 23:18:54 [E] [crawl.go:40] <nil>
2017/04/25 23:18:54 [D] [crawl.go:28] 0
2017/04/25 23:18:54 [D] [crawl.go:28] 1
2017/04/25 23:18:54 [D] [crawl.go:28] 2
2017/04/25 23:18:54 [D] [crawl.go:38] {0 厂房 0 0 0001-01-01 00:00:00 +0000 UTC}
